#
# There is insufficient memory for the Java Runtime Environment to continue.
# Native memory allocation (malloc) failed to allocate 131088 bytes for Chunk::new
# Possible reasons:
#   The system is out of physical RAM or swap space
#   In 32 bit mode, the process size limit was hit
# Possible solutions:
#   Reduce memory load on the system
#   Increase physical memory or swap space
#   Check if swap backing store is full
#   Use 64 bit Java on a 64 bit OS
#   Decrease Java heap size (-Xmx/-Xms)
#   Decrease number of Java threads
#   Decrease Java thread stack sizes (-Xss)
#   Set larger code cache with -XX:ReservedCodeCacheSize=
# This output file may be truncated or incomplete.
#
#  Out of Memory Error (allocation.cpp:390), pid=8696, tid=2212
#
# JRE version: Java(TM) SE Runtime Environment (8.0_71-b15) (build 1.8.0_71-b15)
# Java VM: Java HotSpot(TM) 64-Bit Server VM (25.71-b15 mixed mode windows-amd64 compressed oops)
# Failed to write core dump. Minidumps are not enabled by default on client versions of Windows
#

---------------  T H R E A D  ---------------

Current thread (0x000000001582c800):  JavaThread "C2 CompilerThread0" daemon [_thread_in_native, id=2212, stack(0x0000000016e90000,0x0000000016f90000)]

Stack: [0x0000000016e90000,0x0000000016f90000]
[error occurred during error reporting (printing stack bounds), id 0xc0000005]

Native frames: (J=compiled Java code, j=interpreted, Vv=VM code, C=native code)


Current CompileTask:
C2:   7385 2819   !   4       org.codehaus.plexus.interpolation.StringSearchInterpolator::interpolate (668 bytes)


---------------  P R O C E S S  ---------------

Java Threads: ( => current thread )
  0x0000000015889800 JavaThread "Service Thread" daemon [_thread_blocked, id=10384, stack(0x0000000017590000,0x0000000017690000)]
  0x0000000015845800 JavaThread "C1 CompilerThread2" daemon [_thread_blocked, id=9816, stack(0x0000000017090000,0x0000000017190000)]
  0x0000000015833000 JavaThread "C2 CompilerThread1" daemon [_thread_in_native, id=5200, stack(0x0000000016f90000,0x0000000017090000)]
=>0x000000001582c800 JavaThread "C2 CompilerThread0" daemon [_thread_in_native, id=2212, stack(0x0000000016e90000,0x0000000016f90000)]
  0x000000001582a800 JavaThread "Attach Listener" daemon [_thread_blocked, id=7308, stack(0x0000000016d90000,0x0000000016e90000)]
  0x0000000015829000 JavaThread "Signal Dispatcher" daemon [_thread_blocked, id=5228, stack(0x0000000016c90000,0x0000000016d90000)]
  0x0000000003237800 JavaThread "Finalizer" daemon [_thread_blocked, id=4660, stack(0x0000000016a90000,0x0000000016b90000)]
  0x000000000322e800 JavaThread "Reference Handler" daemon [_thread_blocked, id=11008, stack(0x0000000016990000,0x0000000016a90000)]
  0x0000000002eae000 JavaThread "main" [_thread_in_native, id=5244, stack(0x0000000003040000,0x0000000003140000)]

Other Threads:
  0x00000000157f7800 VMThread [stack: 0x0000000016890000,0x0000000016990000] [id=5396]
  0x00000000171d8800 WatcherThread [stack: 0x0000000017690000,0x0000000017790000] [id=5208]

VM state:not at safepoint (normal execution)

VM Mutex/Monitor currently owned by a thread: None

Heap:
 PSYoungGen      total 38912K, used 30010K [0x00000000eb300000, 0x00000000edf00000, 0x0000000100000000)
  eden space 32768K, 75% used [0x00000000eb300000,0x00000000ecb4a9a0,0x00000000ed300000)
  from space 6144K, 83% used [0x00000000ed300000,0x00000000ed804010,0x00000000ed900000)
  to   space 6144K, 0% used [0x00000000ed900000,0x00000000ed900000,0x00000000edf00000)
 ParOldGen       total 44032K, used 9545K [0x00000000c1800000, 0x00000000c4300000, 0x00000000eb300000)
  object space 44032K, 21% used [0x00000000c1800000,0x00000000c2152680,0x00000000c4300000)
 Metaspace       used 16128K, capacity 16412K, committed 16640K, reserved 1064960K
  class space    used 1900K, capacity 2019K, committed 2048K, reserved 1048576K

Card table byte_map: [0x0000000012600000,0x0000000012800000] byte_map_base: 0x0000000011ff4000

Marking Bits: (ParMarkBitMap*) 0x000000005572f600
 Begin Bits: [0x0000000012d50000, 0x0000000013cf0000)
 End Bits:   [0x0000000013cf0000, 0x0000000014c90000)

Polling page: 0x0000000002e40000

CodeCache: size=245760Kb used=9793Kb max_used=9793Kb free=235966Kb
 bounds [0x0000000003240000, 0x0000000003be0000, 0x0000000012240000]
 total_blobs=3195 nmethods=2851 adapters=256
 compilation: enabled

Compilation events (10 events):
Event: 7.358 Thread 0x0000000015845800 2880       3       java.util.WeakHashMap::<init> (133 bytes)
Event: 7.360 Thread 0x0000000015845800 nmethod 2880 0x0000000003bd5d10 code [0x0000000003bd6000, 0x0000000003bd7748]
Event: 7.361 Thread 0x0000000015845800 2881       3       java.util.ArrayDeque::<init> (14 bytes)
Event: 7.362 Thread 0x0000000015845800 nmethod 2881 0x0000000003bd8350 code [0x0000000003bd84c0, 0x0000000003bd8770]
Event: 7.362 Thread 0x0000000015845800 2882       3       java.util.WeakHashMap::<init> (9 bytes)
Event: 7.362 Thread 0x0000000015845800 nmethod 2882 0x0000000003bd8890 code [0x0000000003bd8a20, 0x0000000003bd8bc8]
Event: 7.366 Thread 0x0000000015845800 2883       3       java.io.ByteArrayOutputStream::<init> (43 bytes)
Event: 7.366 Thread 0x0000000015845800 nmethod 2883 0x0000000003bd8c50 code [0x0000000003bd8e40, 0x0000000003bd97b8]
Event: 7.367 Thread 0x0000000015845800 2884       3       java.io.ByteArrayOutputStream::<init> (7 bytes)
Event: 7.367 Thread 0x0000000015845800 nmethod 2884 0x0000000003bd9bd0 code [0x0000000003bd9d40, 0x0000000003bd9ec8]

GC Heap History (10 events):
Event: 2.557 GC heap before
{Heap before GC invocations=3 (full 0):
 PSYoungGen      total 18944K, used 18916K [0x00000000eb300000, 0x00000000ec800000, 0x0000000100000000)
  eden space 16384K, 100% used [0x00000000eb300000,0x00000000ec300000,0x00000000ec300000)
  from space 2560K, 98% used [0x00000000ec580000,0x00000000ec7f92a8,0x00000000ec800000)
  to   space 2560K, 0% used [0x00000000ec300000,0x00000000ec300000,0x00000000ec580000)
 ParOldGen       total 44032K, used 1779K [0x00000000c1800000, 0x00000000c4300000, 0x00000000eb300000)
  object space 44032K, 4% used [0x00000000c1800000,0x00000000c19bccc8,0x00000000c4300000)
 Metaspace       used 9789K, capacity 9946K, committed 9984K, reserved 1058816K
  class space    used 1177K, capacity 1246K, committed 1280K, reserved 1048576K
Event: 2.567 GC heap after
Heap after GC invocations=3 (full 0):
 PSYoungGen      total 18944K, used 2546K [0x00000000eb300000, 0x00000000ed800000, 0x0000000100000000)
  eden space 16384K, 0% used [0x00000000eb300000,0x00000000eb300000,0x00000000ec300000)
  from space 2560K, 99% used [0x00000000ec300000,0x00000000ec57c8e8,0x00000000ec580000)
  to   space 2560K, 0% used [0x00000000ed580000,0x00000000ed580000,0x00000000ed800000)
 ParOldGen       total 44032K, used 3691K [0x00000000c1800000, 0x00000000c4300000, 0x00000000eb300000)
  object space 44032K, 8% used [0x00000000c1800000,0x00000000c1b9ade8,0x00000000c4300000)
 Metaspace       used 9789K, capacity 9946K, committed 9984K, reserved 1058816K
  class space    used 1177K, capacity 1246K, committed 1280K, reserved 1048576K
}
Event: 3.445 GC heap before
{Heap before GC invocations=4 (full 0):
 PSYoungGen      total 18944K, used 18930K [0x00000000eb300000, 0x00000000ed800000, 0x0000000100000000)
  eden space 16384K, 100% used [0x00000000eb300000,0x00000000ec300000,0x00000000ec300000)
  from space 2560K, 99% used [0x00000000ec300000,0x00000000ec57c8e8,0x00000000ec580000)
  to   space 2560K, 0% used [0x00000000ed580000,0x00000000ed580000,0x00000000ed800000)
 ParOldGen       total 44032K, used 3691K [0x00000000c1800000, 0x00000000c4300000, 0x00000000eb300000)
  object space 44032K, 8% used [0x00000000c1800000,0x00000000c1b9ade8,0x00000000c4300000)
 Metaspace       used 11658K, capacity 11810K, committed 12160K, reserved 1060864K
  class space    used 1448K, capacity 1544K, committed 1664K, reserved 1048576K
Event: 3.453 GC heap after
Heap after GC invocations=4 (full 0):
 PSYoungGen      total 18944K, used 2544K [0x00000000eb300000, 0x00000000ed800000, 0x0000000100000000)
  eden space 16384K, 0% used [0x00000000eb300000,0x00000000eb300000,0x00000000ec300000)
  from space 2560K, 99% used [0x00000000ed580000,0x00000000ed7fc030,0x00000000ed800000)
  to   space 2560K, 0% used [0x00000000ec300000,0x00000000ec300000,0x00000000ec580000)
 ParOldGen       total 44032K, used 6015K [0x00000000c1800000, 0x00000000c4300000, 0x00000000eb300000)
  object space 44032K, 13% used [0x00000000c1800000,0x00000000c1ddfcd8,0x00000000c4300000)
 Metaspace       used 11658K, capacity 11810K, committed 12160K, reserved 1060864K
  class space    used 1448K, capacity 1544K, committed 1664K, reserved 1048576K
}
Event: 4.382 GC heap before
{Heap before GC invocations=5 (full 0):
 PSYoungGen      total 18944K, used 18863K [0x00000000eb300000, 0x00000000ed800000, 0x0000000100000000)
  eden space 16384K, 99% used [0x00000000eb300000,0x00000000ec2efd80,0x00000000ec300000)
  from space 2560K, 99% used [0x00000000ed580000,0x00000000ed7fc030,0x00000000ed800000)
  to   space 2560K, 0% used [0x00000000ec300000,0x00000000ec300000,0x00000000ec580000)
 ParOldGen       total 44032K, used 6015K [0x00000000c1800000, 0x00000000c4300000, 0x00000000eb300000)
  object space 44032K, 13% used [0x00000000c1800000,0x00000000c1ddfcd8,0x00000000c4300000)
 Metaspace       used 13913K, capacity 14212K, committed 14464K, reserved 1062912K
  class space    used 1739K, capacity 1844K, committed 1920K, reserved 1048576K
Event: 4.395 GC heap after
Heap after GC invocations=5 (full 0):
 PSYoungGen      total 18944K, used 2559K [0x00000000eb300000, 0x00000000edf00000, 0x0000000100000000)
  eden space 16384K, 0% used [0x00000000eb300000,0x00000000eb300000,0x00000000ec300000)
  from space 2560K, 99% used [0x00000000ec300000,0x00000000ec57fc30,0x00000000ec580000)
  to   space 6144K, 0% used [0x00000000ed900000,0x00000000ed900000,0x00000000edf00000)
 ParOldGen       total 44032K, used 8459K [0x00000000c1800000, 0x00000000c4300000, 0x00000000eb300000)
  object space 44032K, 19% used [0x00000000c1800000,0x00000000c2042d68,0x00000000c4300000)
 Metaspace       used 13913K, capacity 14212K, committed 14464K, reserved 1062912K
  class space    used 1739K, capacity 1844K, committed 1920K, reserved 1048576K
}
Event: 5.214 GC heap before
{Heap before GC invocations=6 (full 0):
 PSYoungGen      total 18944K, used 18943K [0x00000000eb300000, 0x00000000edf00000, 0x0000000100000000)
  eden space 16384K, 100% used [0x00000000eb300000,0x00000000ec300000,0x00000000ec300000)
  from space 2560K, 99% used [0x00000000ec300000,0x00000000ec57fc30,0x00000000ec580000)
  to   space 6144K, 0% used [0x00000000ed900000,0x00000000ed900000,0x00000000edf00000)
 ParOldGen       total 44032K, used 8459K [0x00000000c1800000, 0x00000000c4300000, 0x00000000eb300000)
  object space 44032K, 19% used [0x00000000c1800000,0x00000000c2042d68,0x00000000c4300000)
 Metaspace       used 15115K, capacity 15416K, committed 15616K, reserved 1062912K
  class space    used 1845K, capacity 1945K, committed 2048K, reserved 1048576K
Event: 5.238 GC heap after
Heap after GC invocations=6 (full 0):
 PSYoungGen      total 38912K, used 4794K [0x00000000eb300000, 0x00000000edf00000, 0x0000000100000000)
  eden space 32768K, 0% used [0x00000000eb300000,0x00000000eb300000,0x00000000ed300000)
  from space 6144K, 78% used [0x00000000ed900000,0x00000000eddaeb18,0x00000000edf00000)
  to   space 6144K, 0% used [0x00000000ed300000,0x00000000ed300000,0x00000000ed900000)
 ParOldGen       total 44032K, used 8467K [0x00000000c1800000, 0x00000000c4300000, 0x00000000eb300000)
  object space 44032K, 19% used [0x00000000c1800000,0x00000000c2044d68,0x00000000c4300000)
 Metaspace       used 15115K, capacity 15416K, committed 15616K, reserved 1062912K
  class space    used 1845K, capacity 1945K, committed 2048K, reserved 1048576K
}
Event: 6.572 GC heap before
{Heap before GC invocations=7 (full 0):
 PSYoungGen      total 38912K, used 37562K [0x00000000eb300000, 0x00000000edf00000, 0x0000000100000000)
  eden space 32768K, 100% used [0x00000000eb300000,0x00000000ed300000,0x00000000ed300000)
  from space 6144K, 78% used [0x00000000ed900000,0x00000000eddaeb18,0x00000000edf00000)
  to   space 6144K, 0% used [0x00000000ed300000,0x00000000ed300000,0x00000000ed900000)
 ParOldGen       total 44032K, used 8467K [0x00000000c1800000, 0x00000000c4300000, 0x00000000eb300000)
  object space 44032K, 19% used [0x00000000c1800000,0x00000000c2044d68,0x00000000c4300000)
 Metaspace       used 15661K, capacity 15972K, committed 16128K, reserved 1062912K
  class space    used 1871K, capacity 1979K, committed 2048K, reserved 1048576K
Event: 6.588 GC heap after
Heap after GC invocations=7 (full 0):
 PSYoungGen      total 38912K, used 5136K [0x00000000eb300000, 0x00000000edf00000, 0x0000000100000000)
  eden space 32768K, 0% used [0x00000000eb300000,0x00000000eb300000,0x00000000ed300000)
  from space 6144K, 83% used [0x00000000ed300000,0x00000000ed804010,0x00000000ed900000)
  to   space 6144K, 0% used [0x00000000ed900000,0x00000000ed900000,0x00000000edf00000)
 ParOldGen       total 44032K, used 9545K [0x00000000c1800000, 0x00000000c4300000, 0x00000000eb300000)
  object space 44032K, 21% used [0x00000000c1800000,0x00000000c2152680,0x00000000c4300000)
 Metaspace       used 15661K, capacity 15972K, committed 16128K, reserved 1062912K
  class space    used 1871K, capacity 1979K, committed 2048K, reserved 1048576K
}

Deoptimization events (10 events):
Event: 5.264 Thread 0x0000000002eae000 Uncommon trap: reason=class_check action=maybe_recompile pc=0x000000000382db88 method=java.util.regex.Pattern$7.isSatisfiedBy(I)Z @ 16
Event: 5.316 Thread 0x0000000002eae000 Uncommon trap: reason=unstable_if action=reinterpret pc=0x00000000038261f8 method=java.lang.String.trim()Ljava/lang/String; @ 63
Event: 5.391 Thread 0x0000000002eae000 Uncommon trap: reason=unstable_if action=reinterpret pc=0x00000000037d97cc method=org.codehaus.plexus.util.xml.pull.MXParser.isS(C)Z @ 21
Event: 5.391 Thread 0x0000000002eae000 Uncommon trap: reason=unstable_if action=reinterpret pc=0x00000000034e9ea8 method=org.codehaus.plexus.util.xml.pull.MXParser.isS(C)Z @ 21
Event: 5.621 Thread 0x0000000002eae000 Uncommon trap: reason=unstable_if action=reinterpret pc=0x00000000035c7018 method=java.lang.String.regionMatches(ZILjava/lang/String;II)Z @ 25
Event: 5.760 Thread 0x0000000002eae000 Uncommon trap: reason=unstable_if action=reinterpret pc=0x000000000395928c method=org.codehaus.plexus.util.xml.pull.MXParser.parseAttribute()C @ 995
Event: 5.930 Thread 0x0000000002eae000 Uncommon trap: reason=unstable_if action=reinterpret pc=0x0000000003845adc method=org.codehaus.plexus.util.xml.pull.MXParser.nextImpl()I @ 280
Event: 6.182 Thread 0x0000000002eae000 Uncommon trap: reason=unstable_if action=reinterpret pc=0x00000000035fe23c method=java.util.HashMap.hash(Ljava/lang/Object;)I @ 1
Event: 6.186 Thread 0x0000000002eae000 Uncommon trap: reason=unstable_if action=reinterpret pc=0x0000000003518d28 method=java.util.HashMap.hash(Ljava/lang/Object;)I @ 1
Event: 6.186 Thread 0x0000000002eae000 Uncommon trap: reason=unstable_if action=reinterpret pc=0x00000000035d7fb8 method=java.util.HashMap.getNode(ILjava/lang/Object;)Ljava/util/HashMap$Node; @ 53

Internal exceptions (10 events):
Event: 3.794 Thread 0x0000000002eae000 Exception <a 'java/lang/NoClassDefFoundError'> (0x00000000ebaa9c40) thrown at [C:\re\workspace\8-2-build-windows-amd64-cygwin\jdk8u71\5731\hotspot\src\share\vm\prims\jvm.cpp, line 1390]
Event: 4.321 Thread 0x0000000002eae000 Exception <a 'java/lang/NullPointerException'> (0x00000000ec19a660) thrown at [C:\re\workspace\8-2-build-windows-amd64-cygwin\jdk8u71\5731\hotspot\src\share\vm\interpreter\linkResolver.cpp, line 1178]
Event: 4.322 Thread 0x0000000002eae000 Exception <a 'java/lang/NullPointerException'> (0x00000000ec19a868) thrown at [C:\re\workspace\8-2-build-windows-amd64-cygwin\jdk8u71\5731\hotspot\src\share\vm\interpreter\linkResolver.cpp, line 1178]
Event: 4.322 Thread 0x0000000002eae000 Exception <a 'java/lang/NullPointerException'> (0x00000000ec19aa70) thrown at [C:\re\workspace\8-2-build-windows-amd64-cygwin\jdk8u71\5731\hotspot\src\share\vm\interpreter\linkResolver.cpp, line 1178]
Event: 4.323 Thread 0x0000000002eae000 Exception <a 'java/lang/NullPointerException'> (0x00000000ec1a1fb8) thrown at [C:\re\workspace\8-2-build-windows-amd64-cygwin\jdk8u71\5731\hotspot\src\share\vm\interpreter\linkResolver.cpp, line 1178]
Event: 4.323 Thread 0x0000000002eae000 Exception <a 'java/lang/NullPointerException'> (0x00000000ec1a21c0) thrown at [C:\re\workspace\8-2-build-windows-amd64-cygwin\jdk8u71\5731\hotspot\src\share\vm\interpreter\linkResolver.cpp, line 1178]
Event: 4.323 Thread 0x0000000002eae000 Exception <a 'java/lang/NullPointerException'> (0x00000000ec1a23c8) thrown at [C:\re\workspace\8-2-build-windows-amd64-cygwin\jdk8u71\5731\hotspot\src\share\vm\interpreter\linkResolver.cpp, line 1178]
Event: 5.253 Thread 0x0000000002eae000 Implicit null exception at 0x0000000003857e8b to 0x0000000003859119
Event: 6.182 Thread 0x0000000002eae000 Implicit null exception at 0x00000000035fe055 to 0x00000000035fe22d
Event: 6.186 Thread 0x0000000002eae000 Implicit null exception at 0x0000000003518caf to 0x0000000003518d19

Events (10 events):
Event: 7.348 loading class org/eclipse/sisu/plexus/ComponentDescriptorBeanModule$PlexusDescriptorBeanSource
Event: 7.348 loading class org/eclipse/sisu/plexus/ComponentDescriptorBeanModule$PlexusDescriptorBeanSource done
Event: 7.349 loading class org/eclipse/sisu/space/ResourceEnumeration
Event: 7.349 loading class org/eclipse/sisu/space/ResourceEnumeration done
Event: 7.350 loading class org/eclipse/sisu/space/ResourceEnumeration$NestedJarHandler
Event: 7.350 loading class org/eclipse/sisu/space/ResourceEnumeration$NestedJarHandler done
Event: 7.352 loading class org/eclipse/sisu/space/FileEntryIterator
Event: 7.352 loading class org/eclipse/sisu/space/FileEntryIterator done
Event: 7.358 Thread 0x0000000002eae000 DEOPT PACKING pc=0x000000000337cbbd sp=0x000000000313d4f0
Event: 7.358 Thread 0x0000000002eae000 DEOPT UNPACKING pc=0x000000000328787f sp=0x000000000313d2a8 mode 0


Dynamic libraries:
0x00007ff6a82c0000 - 0x00007ff6a82f7000 	C:\Program Files\Java\jdk1.8.0_71\bin\java.exe
0x00007ffce9390000 - 0x00007ffce9588000 	C:\Windows\SYSTEM32\ntdll.dll
0x00007ffce7570000 - 0x00007ffce762f000 	C:\Windows\System32\KERNEL32.DLL
0x00007ffce6c60000 - 0x00007ffce6f32000 	C:\Windows\System32\KERNELBASE.dll
0x00007ffce7870000 - 0x00007ffce791e000 	C:\Windows\System32\ADVAPI32.dll
0x00007ffce9220000 - 0x00007ffce92be000 	C:\Windows\System32\msvcrt.dll
0x00007ffce87a0000 - 0x00007ffce883c000 	C:\Windows\System32\sechost.dll
0x00007ffce7440000 - 0x00007ffce7565000 	C:\Windows\System32\RPCRT4.dll
0x00007ffce8fa0000 - 0x00007ffce913d000 	C:\Windows\System32\USER32.dll
0x00007ffce6ba0000 - 0x00007ffce6bc2000 	C:\Windows\System32\win32u.dll
0x00007ffce8600000 - 0x00007ffce862b000 	C:\Windows\System32\GDI32.dll
0x00007ffce6a90000 - 0x00007ffce6b9f000 	C:\Windows\System32\gdi32full.dll
0x00007ffce7340000 - 0x00007ffce73dd000 	C:\Windows\System32\msvcp_win.dll
0x00007ffce7150000 - 0x00007ffce7250000 	C:\Windows\System32\ucrtbase.dll
0x00007ffce5ea0000 - 0x00007ffce613a000 	C:\Windows\WinSxS\amd64_microsoft.windows.common-controls_6595b64144ccf1df_6.0.19041.1110_none_60b5254171f9507e\COMCTL32.dll
0x00007ffce8760000 - 0x00007ffce8792000 	C:\Windows\System32\IMM32.DLL
0x0000000054e40000 - 0x0000000054f12000 	C:\Program Files\Java\jdk1.8.0_71\jre\bin\msvcr100.dll
0x0000000054f20000 - 0x00000000557af000 	C:\Program Files\Java\jdk1.8.0_71\jre\bin\server\jvm.dll
0x00007ffce83c0000 - 0x00007ffce83c8000 	C:\Windows\System32\PSAPI.DLL
0x00007ffcdeee0000 - 0x00007ffcdeee9000 	C:\Windows\SYSTEM32\WSOCK32.dll
0x00007ffce8350000 - 0x00007ffce83bb000 	C:\Windows\System32\WS2_32.dll
0x00007ffcdf570000 - 0x00007ffcdf57a000 	C:\Windows\SYSTEM32\VERSION.dll
0x00007ffcd1850000 - 0x00007ffcd1877000 	C:\Windows\SYSTEM32\WINMM.dll
0x0000000054df0000 - 0x0000000054dff000 	C:\Program Files\Java\jdk1.8.0_71\jre\bin\verify.dll
0x0000000054dc0000 - 0x0000000054de9000 	C:\Program Files\Java\jdk1.8.0_71\jre\bin\java.dll
0x0000000054da0000 - 0x0000000054db6000 	C:\Program Files\Java\jdk1.8.0_71\jre\bin\zip.dll
0x00007ffce8840000 - 0x00007ffce8f83000 	C:\Windows\System32\SHELL32.dll
0x00007ffce44f0000 - 0x00007ffce4c82000 	C:\Windows\SYSTEM32\windows.storage.dll
0x00007ffce7f40000 - 0x00007ffce8294000 	C:\Windows\System32\combase.dll
0x00007ffce5e00000 - 0x00007ffce5e30000 	C:\Windows\SYSTEM32\Wldp.dll
0x00007ffce82a0000 - 0x00007ffce834d000 	C:\Windows\System32\SHCORE.dll
0x00007ffce8580000 - 0x00007ffce85d5000 	C:\Windows\System32\shlwapi.dll
0x00007ffce69d0000 - 0x00007ffce69ef000 	C:\Windows\SYSTEM32\profapi.dll
0x0000000069ac0000 - 0x0000000069ae4000 	C:\Program Files\apache-maven-3.8.6\lib\jansi-native\Windows\x86_64\jansi.dll

VM Arguments:
jvm_args: -Dclassworlds.conf=C:\Program Files\apache-maven-3.8.6\bin\m2.conf -Dmaven.home=C:\Program Files\apache-maven-3.8.6 -Dlibrary.jansi.path=C:\Program Files\apache-maven-3.8.6\lib\jansi-native -Dmaven.multiModuleProjectDirectory=C:\Users\Amayuru indeewara\OneDrive\Desktop\epic\LoginSystem 
java_command: org.codehaus.plexus.classworlds.launcher.Launcher -Dmaven.ext.class.path=C:\Program Files\NetBeans 8.2\java\maven-nblib\netbeans-eventspy.jar -Dfile.encoding=UTF-8 install
java_class_path (initial): C:\Program Files\apache-maven-3.8.6\boot\plexus-classworlds-2.6.0.jar
Launcher Type: SUN_STANDARD

Environment Variables:
JAVA_HOME=C:\Program Files\Java\jdk1.8.0_71
PATH=C:\ProgramData\Oracle\Java\javapath;C:\Windows\system32;C:\Windows;C:\Windows\System32\Wbem;C:\Windows\System32\WindowsPowerShell\v1.0\;C:\Windows\System32\OpenSSH\;C:\Program Files (x86)\MySQL\MySQL Fabric 1.5 & MySQL Utilities 1.5\;C:\Program Files (x86)\MySQL\MySQL Fabric 1.5 & MySQL Utilities 1.5\Doctrine extensions for PHP\;C:\Program Files\Java\jdk1.8.0_71\bin;C:\Program Files\Git\cmd;C:\Program Files\apache-maven-3.8.6\bin;C:\Users\Amayuru indeewara\AppData\Local\Microsoft\WindowsApps;
USERNAME=Amayuru indeewara
OS=Windows_NT
PROCESSOR_IDENTIFIER=Intel64 Family 6 Model 61 Stepping 4, GenuineIntel



---------------  S Y S T E M  ---------------

OS: Windows 10.0 , 64 bit Build 19041 (10.0.19041.2251)

CPU:total 4 (2 cores per cpu, 2 threads per core) family 6 model 61 stepping 4, cmov, cx8, fxsr, mmx, sse, sse2, sse3, ssse3, sse4.1, sse4.2, popcnt, avx, avx2, aes, clmul, erms, 3dnowpref, lzcnt, ht, tsc, tscinvbit, bmi1, bmi2, adx

Memory: 4k page, physical 4094900k(302240k free), swap 6192052k(5648k free)

vm_info: Java HotSpot(TM) 64-Bit Server VM (25.71-b15) for windows-amd64 JRE (1.8.0_71-b15), built on Dec 22 2015 18:15:55 by "java_re" with MS VC++ 10.0 (VS2010)

time: Wed Nov 23 20:51:51 2022
elapsed time: 7 seconds (0d 0h 0m 7s)

