#
# There is insufficient memory for the Java Runtime Environment to continue.
# Native memory allocation (malloc) failed to allocate 32744 bytes for ChunkPool::allocate
# Possible reasons:
#   The system is out of physical RAM or swap space
#   In 32 bit mode, the process size limit was hit
# Possible solutions:
#   Reduce memory load on the system
#   Increase physical memory or swap space
#   Check if swap backing store is full
#   Use 64 bit Java on a 64 bit OS
#   Decrease Java heap size (-Xmx/-Xms)
#   Decrease number of Java threads
#   Decrease Java thread stack sizes (-Xss)
#   Set larger code cache with -XX:ReservedCodeCacheSize=
# This output file may be truncated or incomplete.
#
#  Out of Memory Error (allocation.cpp:273), pid=1336, tid=1292
#
# JRE version: Java(TM) SE Runtime Environment (8.0_71-b15) (build 1.8.0_71-b15)
# Java VM: Java HotSpot(TM) 64-Bit Server VM (25.71-b15 mixed mode windows-amd64 compressed oops)
# Failed to write core dump. Minidumps are not enabled by default on client versions of Windows
#

---------------  T H R E A D  ---------------

Current thread (0x00000000157f9000):  JavaThread "C1 CompilerThread2" daemon [_thread_in_native, id=1292, stack(0x0000000017400000,0x0000000017500000)]

Stack: [0x0000000017400000,0x0000000017500000]
[error occurred during error reporting (printing stack bounds), id 0xc0000005]

Native frames: (J=compiled Java code, j=interpreted, Vv=VM code, C=native code)


Current CompileTask:
C1:   6678 1649       3       org.codehaus.plexus.util.xml.pull.MXParser::parseAttribute (1641 bytes)


---------------  P R O C E S S  ---------------

Java Threads: ( => current thread )
  0x0000000017029800 JavaThread "Service Thread" daemon [_thread_blocked, id=7288, stack(0x0000000017500000,0x0000000017600000)]
=>0x00000000157f9000 JavaThread "C1 CompilerThread2" daemon [_thread_in_native, id=1292, stack(0x0000000017400000,0x0000000017500000)]
  0x00000000157f3800 JavaThread "C2 CompilerThread1" daemon [_thread_in_native, id=8756, stack(0x0000000016f00000,0x0000000017000000)]
  0x000000001579d000 JavaThread "C2 CompilerThread0" daemon [_thread_in_native, id=9556, stack(0x0000000016e00000,0x0000000016f00000)]
  0x000000001579b000 JavaThread "Attach Listener" daemon [_thread_blocked, id=3540, stack(0x0000000016d00000,0x0000000016e00000)]
  0x000000001579a000 JavaThread "Signal Dispatcher" daemon [_thread_blocked, id=10708, stack(0x0000000016c00000,0x0000000016d00000)]
  0x00000000031a2000 JavaThread "Finalizer" daemon [_thread_blocked, id=6036, stack(0x0000000016a00000,0x0000000016b00000)]
  0x000000000319e800 JavaThread "Reference Handler" daemon [_thread_blocked, id=4132, stack(0x0000000016900000,0x0000000016a00000)]
  0x0000000002fae000 JavaThread "main" [_thread_in_native, id=9616, stack(0x0000000002fb0000,0x00000000030b0000)]

Other Threads:
  0x0000000015767800 VMThread [stack: 0x0000000016800000,0x0000000016900000] [id=1020]
  0x000000001702c000 WatcherThread [stack: 0x0000000017600000,0x0000000017700000] [id=8736]

VM state:not at safepoint (normal execution)

VM Mutex/Monitor currently owned by a thread: None

Heap:
 PSYoungGen      total 18944K, used 9531K [0x00000000eb300000, 0x00000000edf00000, 0x0000000100000000)
  eden space 16384K, 42% used [0x00000000eb300000,0x00000000eb9d2fb0,0x00000000ec300000)
  from space 2560K, 99% used [0x00000000ec300000,0x00000000ec57c030,0x00000000ec580000)
  to   space 6144K, 0% used [0x00000000ed900000,0x00000000ed900000,0x00000000edf00000)
 ParOldGen       total 44032K, used 8415K [0x00000000c1800000, 0x00000000c4300000, 0x00000000eb300000)
  object space 44032K, 19% used [0x00000000c1800000,0x00000000c2037f80,0x00000000c4300000)
 Metaspace       used 14931K, capacity 15206K, committed 15360K, reserved 1062912K
  class space    used 1833K, capacity 1942K, committed 2048K, reserved 1048576K

Card table byte_map: [0x0000000012570000,0x0000000012770000] byte_map_base: 0x0000000011f64000

Marking Bits: (ParMarkBitMap*) 0x000000005572f600
 Begin Bits: [0x0000000012cc0000, 0x0000000013c60000)
 End Bits:   [0x0000000013c60000, 0x0000000014c00000)

Polling page: 0x0000000001540000

CodeCache: size=245760Kb used=5535Kb max_used=5535Kb free=240224Kb
 bounds [0x00000000031b0000, 0x0000000003720000, 0x00000000121b0000]
 total_blobs=1980 nmethods=1637 adapters=255
 compilation: enabled

Compilation events (10 events):
Event: 6.627 Thread 0x00000000157f9000 nmethod 1641 0x000000000371a350 code [0x000000000371a4a0, 0x000000000371a5b0]
Event: 6.632 Thread 0x00000000157f9000 1643       1       org.apache.maven.model.Dependency::getVersion (5 bytes)
Event: 6.632 Thread 0x00000000157f9000 nmethod 1643 0x000000000371a610 code [0x000000000371a760, 0x000000000371a870]
Event: 6.641 Thread 0x00000000157f9000 1645       3       org.codehaus.plexus.util.xml.Xpp3Dom::<init> (21 bytes)
Event: 6.642 Thread 0x00000000157f9000 nmethod 1645 0x000000000371a8d0 code [0x000000000371aa60, 0x000000000371ae30]
Event: 6.642 Thread 0x00000000157f9000 1646       3       org.codehaus.plexus.util.xml.pull.MXParser::isEmptyElementTag (25 bytes)
Event: 6.642 Thread 0x00000000157f9000 nmethod 1646 0x000000000371b010 code [0x000000000371b180, 0x000000000371b408]
Event: 6.644 Thread 0x00000000157f9000 1648       3       org.codehaus.plexus.util.xml.pull.MXParser::newString (11 bytes)
Event: 6.644 Thread 0x00000000157f9000 nmethod 1648 0x000000000371b510 code [0x000000000371b680, 0x000000000371b868]
Event: 6.667 Thread 0x00000000157f9000 1649       3       org.codehaus.plexus.util.xml.pull.MXParser::parseAttribute (1641 bytes)

GC Heap History (10 events):
Event: 2.365 GC heap before
{Heap before GC invocations=1 (full 0):
 PSYoungGen      total 18944K, used 16384K [0x00000000eb300000, 0x00000000ec800000, 0x0000000100000000)
  eden space 16384K, 100% used [0x00000000eb300000,0x00000000ec300000,0x00000000ec300000)
  from space 2560K, 0% used [0x00000000ec580000,0x00000000ec580000,0x00000000ec800000)
  to   space 2560K, 0% used [0x00000000ec300000,0x00000000ec300000,0x00000000ec580000)
 ParOldGen       total 44032K, used 0K [0x00000000c1800000, 0x00000000c4300000, 0x00000000eb300000)
  object space 44032K, 0% used [0x00000000c1800000,0x00000000c1800000,0x00000000c4300000)
 Metaspace       used 6903K, capacity 7020K, committed 7296K, reserved 1056768K
  class space    used 797K, capacity 856K, committed 896K, reserved 1048576K
Event: 2.373 GC heap after
Heap after GC invocations=1 (full 0):
 PSYoungGen      total 18944K, used 2530K [0x00000000eb300000, 0x00000000ec800000, 0x0000000100000000)
  eden space 16384K, 0% used [0x00000000eb300000,0x00000000eb300000,0x00000000ec300000)
  from space 2560K, 98% used [0x00000000ec300000,0x00000000ec578830,0x00000000ec580000)
  to   space 2560K, 0% used [0x00000000ec580000,0x00000000ec580000,0x00000000ec800000)
 ParOldGen       total 44032K, used 1179K [0x00000000c1800000, 0x00000000c4300000, 0x00000000eb300000)
  object space 44032K, 2% used [0x00000000c1800000,0x00000000c1926fb0,0x00000000c4300000)
 Metaspace       used 6903K, capacity 7020K, committed 7296K, reserved 1056768K
  class space    used 797K, capacity 856K, committed 896K, reserved 1048576K
}
Event: 3.564 GC heap before
{Heap before GC invocations=2 (full 0):
 PSYoungGen      total 18944K, used 18914K [0x00000000eb300000, 0x00000000ec800000, 0x0000000100000000)
  eden space 16384K, 100% used [0x00000000eb300000,0x00000000ec300000,0x00000000ec300000)
  from space 2560K, 98% used [0x00000000ec300000,0x00000000ec578830,0x00000000ec580000)
  to   space 2560K, 0% used [0x00000000ec580000,0x00000000ec580000,0x00000000ec800000)
 ParOldGen       total 44032K, used 1179K [0x00000000c1800000, 0x00000000c4300000, 0x00000000eb300000)
  object space 44032K, 2% used [0x00000000c1800000,0x00000000c1926fb0,0x00000000c4300000)
 Metaspace       used 8283K, capacity 8412K, committed 8576K, reserved 1056768K
  class space    used 1005K, capacity 1080K, committed 1152K, reserved 1048576K
Event: 3.570 GC heap after
Heap after GC invocations=2 (full 0):
 PSYoungGen      total 18944K, used 2541K [0x00000000eb300000, 0x00000000ec800000, 0x0000000100000000)
  eden space 16384K, 0% used [0x00000000eb300000,0x00000000eb300000,0x00000000ec300000)
  from space 2560K, 99% used [0x00000000ec580000,0x00000000ec7fb750,0x00000000ec800000)
  to   space 2560K, 0% used [0x00000000ec300000,0x00000000ec300000,0x00000000ec580000)
 ParOldGen       total 44032K, used 1768K [0x00000000c1800000, 0x00000000c4300000, 0x00000000eb300000)
  object space 44032K, 4% used [0x00000000c1800000,0x00000000c19ba3b0,0x00000000c4300000)
 Metaspace       used 8283K, capacity 8412K, committed 8576K, reserved 1056768K
  class space    used 1005K, capacity 1080K, committed 1152K, reserved 1048576K
}
Event: 4.234 GC heap before
{Heap before GC invocations=3 (full 0):
 PSYoungGen      total 18944K, used 18925K [0x00000000eb300000, 0x00000000ec800000, 0x0000000100000000)
  eden space 16384K, 100% used [0x00000000eb300000,0x00000000ec300000,0x00000000ec300000)
  from space 2560K, 99% used [0x00000000ec580000,0x00000000ec7fb750,0x00000000ec800000)
  to   space 2560K, 0% used [0x00000000ec300000,0x00000000ec300000,0x00000000ec580000)
 ParOldGen       total 44032K, used 1768K [0x00000000c1800000, 0x00000000c4300000, 0x00000000eb300000)
  object space 44032K, 4% used [0x00000000c1800000,0x00000000c19ba3b0,0x00000000c4300000)
 Metaspace       used 9772K, capacity 9946K, committed 9984K, reserved 1058816K
  class space    used 1177K, capacity 1246K, committed 1280K, reserved 1048576K
Event: 4.242 GC heap after
Heap after GC invocations=3 (full 0):
 PSYoungGen      total 18944K, used 2543K [0x00000000eb300000, 0x00000000ec800000, 0x0000000100000000)
  eden space 16384K, 0% used [0x00000000eb300000,0x00000000eb300000,0x00000000ec300000)
  from space 2560K, 99% used [0x00000000ec300000,0x00000000ec57bd70,0x00000000ec580000)
  to   space 2560K, 0% used [0x00000000ec580000,0x00000000ec580000,0x00000000ec800000)
 ParOldGen       total 44032K, used 3751K [0x00000000c1800000, 0x00000000c4300000, 0x00000000eb300000)
  object space 44032K, 8% used [0x00000000c1800000,0x00000000c1ba9c90,0x00000000c4300000)
 Metaspace       used 9772K, capacity 9946K, committed 9984K, reserved 1058816K
  class space    used 1177K, capacity 1246K, committed 1280K, reserved 1048576K
}
Event: 4.940 GC heap before
{Heap before GC invocations=4 (full 0):
 PSYoungGen      total 18944K, used 18927K [0x00000000eb300000, 0x00000000ec800000, 0x0000000100000000)
  eden space 16384K, 100% used [0x00000000eb300000,0x00000000ec300000,0x00000000ec300000)
  from space 2560K, 99% used [0x00000000ec300000,0x00000000ec57bd70,0x00000000ec580000)
  to   space 2560K, 0% used [0x00000000ec580000,0x00000000ec580000,0x00000000ec800000)
 ParOldGen       total 44032K, used 3751K [0x00000000c1800000, 0x00000000c4300000, 0x00000000eb300000)
  object space 44032K, 8% used [0x00000000c1800000,0x00000000c1ba9c90,0x00000000c4300000)
 Metaspace       used 11650K, capacity 11810K, committed 12160K, reserved 1060864K
  class space    used 1449K, capacity 1544K, committed 1664K, reserved 1048576K
Event: 4.948 GC heap after
Heap after GC invocations=4 (full 0):
 PSYoungGen      total 18944K, used 2528K [0x00000000eb300000, 0x00000000ec800000, 0x0000000100000000)
  eden space 16384K, 0% used [0x00000000eb300000,0x00000000eb300000,0x00000000ec300000)
  from space 2560K, 98% used [0x00000000ec580000,0x00000000ec7f8060,0x00000000ec800000)
  to   space 2560K, 0% used [0x00000000ec300000,0x00000000ec300000,0x00000000ec580000)
 ParOldGen       total 44032K, used 6076K [0x00000000c1800000, 0x00000000c4300000, 0x00000000eb300000)
  object space 44032K, 13% used [0x00000000c1800000,0x00000000c1def378,0x00000000c4300000)
 Metaspace       used 11650K, capacity 11810K, committed 12160K, reserved 1060864K
  class space    used 1449K, capacity 1544K, committed 1664K, reserved 1048576K
}
Event: 6.094 GC heap before
{Heap before GC invocations=5 (full 0):
 PSYoungGen      total 18944K, used 18912K [0x00000000eb300000, 0x00000000ec800000, 0x0000000100000000)
  eden space 16384K, 100% used [0x00000000eb300000,0x00000000ec300000,0x00000000ec300000)
  from space 2560K, 98% used [0x00000000ec580000,0x00000000ec7f8060,0x00000000ec800000)
  to   space 2560K, 0% used [0x00000000ec300000,0x00000000ec300000,0x00000000ec580000)
 ParOldGen       total 44032K, used 6076K [0x00000000c1800000, 0x00000000c4300000, 0x00000000eb300000)
  object space 44032K, 13% used [0x00000000c1800000,0x00000000c1def378,0x00000000c4300000)
 Metaspace       used 13960K, capacity 14276K, committed 14464K, reserved 1062912K
  class space    used 1741K, capacity 1844K, committed 1920K, reserved 1048576K
Event: 6.116 GC heap after
Heap after GC invocations=5 (full 0):
 PSYoungGen      total 18944K, used 2544K [0x00000000eb300000, 0x00000000edf00000, 0x0000000100000000)
  eden space 16384K, 0% used [0x00000000eb300000,0x00000000eb300000,0x00000000ec300000)
  from space 2560K, 99% used [0x00000000ec300000,0x00000000ec57c030,0x00000000ec580000)
  to   space 6144K, 0% used [0x00000000ed900000,0x00000000ed900000,0x00000000edf00000)
 ParOldGen       total 44032K, used 8415K [0x00000000c1800000, 0x00000000c4300000, 0x00000000eb300000)
  object space 44032K, 19% used [0x00000000c1800000,0x00000000c2037f80,0x00000000c4300000)
 Metaspace       used 13960K, capacity 14276K, committed 14464K, reserved 1062912K
  class space    used 1741K, capacity 1844K, committed 1920K, reserved 1048576K
}

Deoptimization events (10 events):
Event: 3.541 Thread 0x0000000002fae000 Uncommon trap: reason=range_check action=make_not_entrant pc=0x00000000034aa0e0 method=sun.reflect.generics.parser.SignatureParser.current()C @ 34
Event: 3.977 Thread 0x0000000002fae000 Uncommon trap: reason=unstable_if action=reinterpret pc=0x00000000033aac78 method=sun.misc.MetaIndex.mayContain(Ljava/lang/String;)Z @ 38
Event: 5.398 Thread 0x0000000002fae000 Uncommon trap: reason=predicate action=maybe_recompile pc=0x00000000033fb130 method=sun.net.www.ParseUtil.encodePath(Ljava/lang/String;Z)Ljava/lang/String; @ 36
Event: 5.536 Thread 0x0000000002fae000 Uncommon trap: reason=unstable_if action=reinterpret pc=0x0000000003653e98 method=java.lang.reflect.Modifier.isSynthetic(I)Z @ 5
Event: 5.762 Thread 0x0000000002fae000 Uncommon trap: reason=unstable_if action=reinterpret pc=0x0000000003691410 method=org.eclipse.sisu.inject.InjectorBindings.isAssignableFrom(Lcom/google/inject/TypeLiteral;Lcom/google/inject/Binding;)Z @ 14
Event: 5.794 Thread 0x0000000002fae000 Uncommon trap: reason=unstable_if action=reinterpret pc=0x000000000345e1e0 method=sun.nio.cs.StreamDecoder.implRead([CII)I @ 36
Event: 5.794 Thread 0x0000000002fae000 Uncommon trap: reason=unstable_if action=reinterpret pc=0x0000000003453c14 method=sun.nio.cs.StreamDecoder.implRead([CII)I @ 36
Event: 6.258 Thread 0x0000000002fae000 Uncommon trap: reason=unstable_if action=reinterpret pc=0x000000000334e504 method=java.lang.String.replace(CC)Ljava/lang/String; @ 2
Event: 6.331 Thread 0x0000000002fae000 Uncommon trap: reason=unstable_if action=reinterpret pc=0x0000000003475818 method=org.codehaus.plexus.util.xml.pull.MXParser.nextImpl()I @ 241
Event: 6.593 Thread 0x0000000002fae000 Uncommon trap: reason=unstable_if action=reinterpret pc=0x00000000034403b8 method=sun.nio.cs.UTF_8$Decoder.decodeArrayLoop(Ljava/nio/ByteBuffer;Ljava/nio/CharBuffer;)Ljava/nio/charset/CoderResult; @ 84

Internal exceptions (10 events):
Event: 3.351 Thread 0x0000000002fae000 Exception <a 'java/lang/ArrayIndexOutOfBoundsException'> (0x00000000ebf71978) thrown at [C:\re\workspace\8-2-build-windows-amd64-cygwin\jdk8u71\5731\hotspot\src\share\vm\runtime\sharedRuntime.cpp, line 605]
Event: 3.541 Thread 0x0000000002fae000 Exception <a 'java/lang/ArrayIndexOutOfBoundsException': 66> (0x00000000ec240ae8) thrown at [C:\re\workspace\8-2-build-windows-amd64-cygwin\jdk8u71\5731\hotspot\src\share\vm\interpreter\interpreterRuntime.cpp, line 366]
Event: 5.397 Thread 0x0000000002fae000 Exception <a 'java/lang/NoClassDefFoundError': com/google/inject/servlet/ServletModuleTargetVisitor> (0x00000000ebaa9b38) thrown at [C:\re\workspace\8-2-build-windows-amd64-cygwin\jdk8u71\5731\hotspot\src\share\vm\classfile\systemDictionary.cpp, line 199]
Event: 5.397 Thread 0x0000000002fae000 Exception <a 'java/lang/NoClassDefFoundError'> (0x00000000ebaa9b38) thrown at [C:\re\workspace\8-2-build-windows-amd64-cygwin\jdk8u71\5731\hotspot\src\share\vm\prims\jvm.cpp, line 1390]
Event: 5.975 Thread 0x0000000002fae000 Exception <a 'java/lang/NullPointerException'> (0x00000000ec19c428) thrown at [C:\re\workspace\8-2-build-windows-amd64-cygwin\jdk8u71\5731\hotspot\src\share\vm\interpreter\linkResolver.cpp, line 1178]
Event: 5.975 Thread 0x0000000002fae000 Exception <a 'java/lang/NullPointerException'> (0x00000000ec19c630) thrown at [C:\re\workspace\8-2-build-windows-amd64-cygwin\jdk8u71\5731\hotspot\src\share\vm\interpreter\linkResolver.cpp, line 1178]
Event: 5.975 Thread 0x0000000002fae000 Exception <a 'java/lang/NullPointerException'> (0x00000000ec19c838) thrown at [C:\re\workspace\8-2-build-windows-amd64-cygwin\jdk8u71\5731\hotspot\src\share\vm\interpreter\linkResolver.cpp, line 1178]
Event: 5.977 Thread 0x0000000002fae000 Exception <a 'java/lang/NullPointerException'> (0x00000000ec1a3d80) thrown at [C:\re\workspace\8-2-build-windows-amd64-cygwin\jdk8u71\5731\hotspot\src\share\vm\interpreter\linkResolver.cpp, line 1178]
Event: 5.977 Thread 0x0000000002fae000 Exception <a 'java/lang/NullPointerException'> (0x00000000ec1a3f88) thrown at [C:\re\workspace\8-2-build-windows-amd64-cygwin\jdk8u71\5731\hotspot\src\share\vm\interpreter\linkResolver.cpp, line 1178]
Event: 5.977 Thread 0x0000000002fae000 Exception <a 'java/lang/NullPointerException'> (0x00000000ec1a4190) thrown at [C:\re\workspace\8-2-build-windows-amd64-cygwin\jdk8u71\5731\hotspot\src\share\vm\interpreter\linkResolver.cpp, line 1178]

Events (10 events):
Event: 6.615 loading class org/apache/maven/model/merge/ModelMerger$NotifierKeyComputer
Event: 6.615 loading class org/apache/maven/model/merge/ModelMerger$NotifierKeyComputer done
Event: 6.626 loading class org/apache/maven/repository/internal/ArtifactDescriptorReaderDelegate
Event: 6.626 loading class org/apache/maven/repository/internal/ArtifactDescriptorReaderDelegate done
Event: 6.630 loading class org/eclipse/aether/graph/Dependency$Exclusions
Event: 6.630 loading class org/eclipse/aether/graph/Dependency$Exclusions done
Event: 6.639 loading class org/codehaus/plexus/configuration/xml/XmlPlexusConfiguration
Event: 6.639 loading class org/codehaus/plexus/configuration/xml/XmlPlexusConfiguration done
Event: 6.639 loading class org/codehaus/plexus/configuration/DefaultPlexusConfiguration
Event: 6.639 loading class org/codehaus/plexus/configuration/DefaultPlexusConfiguration done


Dynamic libraries:
0x00007ff6a82c0000 - 0x00007ff6a82f7000 	C:\Program Files\Java\jdk1.8.0_71\bin\java.exe
0x00007ffce9390000 - 0x00007ffce9588000 	C:\Windows\SYSTEM32\ntdll.dll
0x00007ffce7570000 - 0x00007ffce762f000 	C:\Windows\System32\KERNEL32.DLL
0x00007ffce6c60000 - 0x00007ffce6f32000 	C:\Windows\System32\KERNELBASE.dll
0x00007ffce7870000 - 0x00007ffce791e000 	C:\Windows\System32\ADVAPI32.dll
0x00007ffce9220000 - 0x00007ffce92be000 	C:\Windows\System32\msvcrt.dll
0x00007ffce87a0000 - 0x00007ffce883c000 	C:\Windows\System32\sechost.dll
0x00007ffce7440000 - 0x00007ffce7565000 	C:\Windows\System32\RPCRT4.dll
0x00007ffce8fa0000 - 0x00007ffce913d000 	C:\Windows\System32\USER32.dll
0x00007ffce6ba0000 - 0x00007ffce6bc2000 	C:\Windows\System32\win32u.dll
0x00007ffce8600000 - 0x00007ffce862b000 	C:\Windows\System32\GDI32.dll
0x00007ffce6a90000 - 0x00007ffce6b9f000 	C:\Windows\System32\gdi32full.dll
0x00007ffce7340000 - 0x00007ffce73dd000 	C:\Windows\System32\msvcp_win.dll
0x00007ffce7150000 - 0x00007ffce7250000 	C:\Windows\System32\ucrtbase.dll
0x00007ffce5ea0000 - 0x00007ffce613a000 	C:\Windows\WinSxS\amd64_microsoft.windows.common-controls_6595b64144ccf1df_6.0.19041.1110_none_60b5254171f9507e\COMCTL32.dll
0x00007ffce8760000 - 0x00007ffce8792000 	C:\Windows\System32\IMM32.DLL
0x0000000054e40000 - 0x0000000054f12000 	C:\Program Files\Java\jdk1.8.0_71\jre\bin\msvcr100.dll
0x0000000054f20000 - 0x00000000557af000 	C:\Program Files\Java\jdk1.8.0_71\jre\bin\server\jvm.dll
0x00007ffce83c0000 - 0x00007ffce83c8000 	C:\Windows\System32\PSAPI.DLL
0x00007ffcdeee0000 - 0x00007ffcdeee9000 	C:\Windows\SYSTEM32\WSOCK32.dll
0x00007ffce8350000 - 0x00007ffce83bb000 	C:\Windows\System32\WS2_32.dll
0x00007ffcd1850000 - 0x00007ffcd1877000 	C:\Windows\SYSTEM32\WINMM.dll
0x00007ffcdf570000 - 0x00007ffcdf57a000 	C:\Windows\SYSTEM32\VERSION.dll
0x0000000054df0000 - 0x0000000054dff000 	C:\Program Files\Java\jdk1.8.0_71\jre\bin\verify.dll
0x0000000054dc0000 - 0x0000000054de9000 	C:\Program Files\Java\jdk1.8.0_71\jre\bin\java.dll
0x0000000054da0000 - 0x0000000054db6000 	C:\Program Files\Java\jdk1.8.0_71\jre\bin\zip.dll
0x00007ffce8840000 - 0x00007ffce8f83000 	C:\Windows\System32\SHELL32.dll
0x00007ffce44f0000 - 0x00007ffce4c82000 	C:\Windows\SYSTEM32\windows.storage.dll
0x00007ffce7f40000 - 0x00007ffce8294000 	C:\Windows\System32\combase.dll
0x00007ffce5e00000 - 0x00007ffce5e30000 	C:\Windows\SYSTEM32\Wldp.dll
0x00007ffce82a0000 - 0x00007ffce834d000 	C:\Windows\System32\SHCORE.dll
0x00007ffce8580000 - 0x00007ffce85d5000 	C:\Windows\System32\shlwapi.dll
0x00007ffce69d0000 - 0x00007ffce69ef000 	C:\Windows\SYSTEM32\profapi.dll
0x0000000069ac0000 - 0x0000000069ae4000 	C:\Program Files\apache-maven-3.8.6\lib\jansi-native\Windows\x86_64\jansi.dll

VM Arguments:
jvm_args: -Dclassworlds.conf=C:\Program Files\apache-maven-3.8.6\bin\m2.conf -Dmaven.home=C:\Program Files\apache-maven-3.8.6 -Dlibrary.jansi.path=C:\Program Files\apache-maven-3.8.6\lib\jansi-native -Dmaven.multiModuleProjectDirectory=C:\Users\Amayuru indeewara\OneDrive\Desktop\epic\LoginSystem 
java_command: org.codehaus.plexus.classworlds.launcher.Launcher -Dmaven.ext.class.path=C:\Program Files\NetBeans 8.2\java\maven-nblib\netbeans-eventspy.jar -Dfile.encoding=UTF-8 install
java_class_path (initial): C:\Program Files\apache-maven-3.8.6\boot\plexus-classworlds-2.6.0.jar
Launcher Type: SUN_STANDARD

Environment Variables:
JAVA_HOME=C:\Program Files\Java\jdk1.8.0_71
PATH=C:\ProgramData\Oracle\Java\javapath;C:\Windows\system32;C:\Windows;C:\Windows\System32\Wbem;C:\Windows\System32\WindowsPowerShell\v1.0\;C:\Windows\System32\OpenSSH\;C:\Program Files (x86)\MySQL\MySQL Fabric 1.5 & MySQL Utilities 1.5\;C:\Program Files (x86)\MySQL\MySQL Fabric 1.5 & MySQL Utilities 1.5\Doctrine extensions for PHP\;C:\Program Files\Java\jdk1.8.0_71\bin;C:\Program Files\Git\cmd;C:\Program Files\apache-maven-3.8.6\bin;C:\Users\Amayuru indeewara\AppData\Local\Microsoft\WindowsApps;
USERNAME=Amayuru indeewara
OS=Windows_NT
PROCESSOR_IDENTIFIER=Intel64 Family 6 Model 61 Stepping 4, GenuineIntel



---------------  S Y S T E M  ---------------

OS: Windows 10.0 , 64 bit Build 19041 (10.0.19041.2251)

CPU:total 4 (2 cores per cpu, 2 threads per core) family 6 model 61 stepping 4, cmov, cx8, fxsr, mmx, sse, sse2, sse3, ssse3, sse4.1, sse4.2, popcnt, avx, avx2, aes, clmul, erms, 3dnowpref, lzcnt, ht, tsc, tscinvbit, bmi1, bmi2, adx

Memory: 4k page, physical 4094900k(370132k free), swap 6192052k(4104k free)

vm_info: Java HotSpot(TM) 64-Bit Server VM (25.71-b15) for windows-amd64 JRE (1.8.0_71-b15), built on Dec 22 2015 18:15:55 by "java_re" with MS VC++ 10.0 (VS2010)

time: Wed Nov 23 20:52:49 2022
elapsed time: 6 seconds (0d 0h 0m 6s)

